<?xml version="1.0" encoding="UTF-8"?>
<!-- Generated by org.testng.reporters.JUnitReportReporter -->
<testsuite skipped="0" hostname="DESKTOP-DSTFD27" name="SeleniumTest" tests="1" failures="0" timestamp="17 Jul 2020 04:22:17 GMT" time="6.804" errors="0">
  <testcase name="seleniumTest" time="6.804" classname="SeleniumTest"/>
</testsuite> <!-- SeleniumTest -->
