<?xml version="1.0" encoding="UTF-8"?>
<!-- Generated by org.testng.reporters.JUnitReportReporter -->
<testsuite skipped="0" hostname="DESKTOP-DSTFD27" name="RightClick" tests="1" failures="0" timestamp="17 Jul 2020 04:25:06 GMT" time="10.293" errors="0">
  <testcase name="rightClick" time="10.293" classname="RightClick"/>
</testsuite> <!-- RightClick -->
